<?xml version="1.0" encoding="UTF-8"?>
<robot generator="Robot 7.1 (Python 3.12.4 on win32)" generated="2024-10-11T06:00:28.788785" rpa="false" schemaversion="5">
<suite id="s1" name="Homework1" source="C:\DII\1-67\tester\CAMTxKrungsriNimble\homework01\homework1.robot">
<test id="s1-t1" name="Test" line="13">
<kw name="Test case">
<kw name="Set Variable" owner="BuiltIn">
<msg time="2024-10-11T06:00:29.036839" level="INFO">${USER_CSV_FILE} = /DII/1-67/tester/CAMTxKrungsriNimble//homework01/userData.CSV</msg>
<var>${USER_CSV_FILE}</var>
<arg>${userCSV}</arg>
<doc>Returns the given values which can then be assigned to a variables.</doc>
<status status="PASS" start="2024-10-11T06:00:29.036839" elapsed="0.000000"/>
</kw>
<kw name="Read Csv File To Associative" owner="CSVLibrary">
<msg time="2024-10-11T06:00:29.036839" level="INFO">${USER_DATA_CSV} = [{'username': 'standard_user', 'password': 'secret_sauce', 'fname': 'standard', 'lname': 'user', 'sex': 'm'}, {'username': 'problem_user', 'password': 'secret_sauce', 'fname': 'problem', 'lname': 'use...</msg>
<var>${USER_DATA_CSV}</var>
<arg>${USER_CSV_FILE}</arg>
<doc>Read CSV file and return its content as a Python list of dictionaries.</doc>
<status status="PASS" start="2024-10-11T06:00:29.036839" elapsed="0.001007"/>
</kw>
<kw name="Set Variable" owner="BuiltIn">
<msg time="2024-10-11T06:00:29.037846" level="INFO">${user} = {'username': 'standard_user', 'password': 'secret_sauce', 'fname': 'standard', 'lname': 'user', 'sex': 'm'}</msg>
<var>${user}</var>
<arg>${USER_DATA_CSV}[0]</arg>
<doc>Returns the given values which can then be assigned to a variables.</doc>
<status status="PASS" start="2024-10-11T06:00:29.037846" elapsed="0.000000"/>
</kw>
<kw name="Open Browser" owner="SeleniumLibrary">
<msg time="2024-10-11T06:00:29.037846" level="INFO">Opening browser 'chrome' to base url 'https://www.saucedemo.com/v1/index.html'.</msg>
<arg>${url}</arg>
<arg>${browser}</arg>
<doc>Opens a new browser instance to the optional ``url``.</doc>
<status status="PASS" start="2024-10-11T06:00:29.037846" elapsed="3.430964"/>
</kw>
<kw name="Verify Login page">
<kw name="Wait Until Element Is Visible" owner="SeleniumLibrary">
<arg>//*[@id="login_credentials"]</arg>
<arg>timeout=5s</arg>
<doc>Waits until the element ``locator`` is visible.</doc>
<status status="PASS" start="2024-10-11T06:00:32.469319" elapsed="0.043088"/>
</kw>
<status status="PASS" start="2024-10-11T06:00:32.469319" elapsed="0.043088"/>
</kw>
<kw name="Input Text" owner="SeleniumLibrary">
<msg time="2024-10-11T06:00:32.512407" level="INFO">Typing text 'standard_user' into text field '//*[@id="user-name"]'.</msg>
<arg>//*[@id="user-name"]</arg>
<arg>${user}[username]</arg>
<doc>Types the given ``text`` into the text field identified by ``locator``.</doc>
<status status="PASS" start="2024-10-11T06:00:32.512407" elapsed="0.108513"/>
</kw>
<kw name="Input Text" owner="SeleniumLibrary">
<msg time="2024-10-11T06:00:32.620920" level="INFO">Typing text 'secret_sauce' into text field '//*[@id="password"]'.</msg>
<arg>//*[@id="password"]</arg>
<arg>${user}[password]</arg>
<doc>Types the given ``text`` into the text field identified by ``locator``.</doc>
<status status="PASS" start="2024-10-11T06:00:32.620920" elapsed="0.089612"/>
</kw>
<kw name="Click Button" owner="SeleniumLibrary">
<msg time="2024-10-11T06:00:32.711543" level="INFO">Clicking button '//*[@id="login-button"]'.</msg>
<arg>//*[@id="login-button"]</arg>
<doc>Clicks the button identified by ``locator``.</doc>
<status status="PASS" start="2024-10-11T06:00:32.711543" elapsed="1.051241"/>
</kw>
<kw name="Verify Shopping Page">
<kw name="Wait Until Element Is Visible" owner="SeleniumLibrary">
<arg>//div[contains(text(),"Products")]</arg>
<arg>timeout=5s</arg>
<doc>Waits until the element ``locator`` is visible.</doc>
<status status="PASS" start="2024-10-11T06:00:33.763793" elapsed="0.014021"/>
</kw>
<status status="PASS" start="2024-10-11T06:00:33.763793" elapsed="0.014021"/>
</kw>
<kw name="Add to cart">
<kw name="Click Element" owner="SeleniumLibrary">
<msg time="2024-10-11T06:00:33.778814" level="INFO">Clicking element '//div[contains(text(),"Sauce Labs Backpack")]'.</msg>
<arg>//div[contains(text(),"${product.name}")]</arg>
<doc>Click the element identified by ``locator``.</doc>
<status status="PASS" start="2024-10-11T06:00:33.778814" elapsed="0.340662"/>
</kw>
<kw name="Verify Product page">
<kw name="Wait Until Element Is Visible" owner="SeleniumLibrary">
<arg>//*[@class="inventory_details"]</arg>
<arg>timeout=5s</arg>
<doc>Waits until the element ``locator`` is visible.</doc>
<status status="PASS" start="2024-10-11T06:00:34.119476" elapsed="0.014000"/>
</kw>
<status status="PASS" start="2024-10-11T06:00:34.119476" elapsed="0.014000"/>
</kw>
<kw name="Verify Product price with">
<kw name="Verify Product page">
<kw name="Wait Until Element Is Visible" owner="SeleniumLibrary">
<arg>//*[@class="inventory_details"]</arg>
<arg>timeout=5s</arg>
<doc>Waits until the element ``locator`` is visible.</doc>
<status status="PASS" start="2024-10-11T06:00:34.134480" elapsed="0.014002"/>
</kw>
<status status="PASS" start="2024-10-11T06:00:34.134480" elapsed="0.014002"/>
</kw>
<kw name="Get Text" owner="SeleniumLibrary">
<msg time="2024-10-11T06:00:34.166427" level="INFO">${displayPrice} = $29.99</msg>
<var>${displayPrice}</var>
<arg>//div[@class="inventory_details_price"]</arg>
<doc>Returns the text value of the element identified by ``locator``.</doc>
<status status="PASS" start="2024-10-11T06:00:34.148482" elapsed="0.017945"/>
</kw>
<kw name="Run Keyword If" owner="BuiltIn">
<arg>'${displayPrice}' != '$${price}'</arg>
<arg>Fail</arg>
<arg>"Test Failed: Invalid price."</arg>
<doc>Runs the given keyword with the given arguments, if ``condition`` is true.</doc>
<status status="PASS" start="2024-10-11T06:00:34.166427" elapsed="0.000000"/>
</kw>
<arg>${product.price}</arg>
<status status="PASS" start="2024-10-11T06:00:34.134480" elapsed="0.031947"/>
</kw>
<kw name="Click Button" owner="SeleniumLibrary">
<msg time="2024-10-11T06:00:34.166427" level="INFO">Clicking button '//*[@class="btn_primary btn_inventory"]'.</msg>
<arg>//*[@class="btn_primary btn_inventory"]</arg>
<doc>Clicks the button identified by ``locator``.</doc>
<status status="PASS" start="2024-10-11T06:00:34.166427" elapsed="0.041974"/>
</kw>
<kw name="Click Button" owner="SeleniumLibrary">
<msg time="2024-10-11T06:00:34.208401" level="INFO">Clicking button '//*[@class="inventory_details_back_button"]'.</msg>
<arg>//*[@class="inventory_details_back_button"]</arg>
<doc>Clicks the button identified by ``locator``.</doc>
<status status="PASS" start="2024-10-11T06:00:34.208401" elapsed="0.051785"/>
</kw>
<arg>${product.p1}</arg>
<status status="PASS" start="2024-10-11T06:00:33.777814" elapsed="0.482372"/>
</kw>
<kw name="Add to cart">
<kw name="Click Element" owner="SeleniumLibrary">
<msg time="2024-10-11T06:00:34.262187" level="INFO">Clicking element '//div[contains(text(),"Sauce Labs Bolt T-Shirt")]'.</msg>
<arg>//div[contains(text(),"${product.name}")]</arg>
<doc>Click the element identified by ``locator``.</doc>
<status status="PASS" start="2024-10-11T06:00:34.261186" elapsed="0.114070"/>
</kw>
<kw name="Verify Product page">
<kw name="Wait Until Element Is Visible" owner="SeleniumLibrary">
<arg>//*[@class="inventory_details"]</arg>
<arg>timeout=5s</arg>
<doc>Waits until the element ``locator`` is visible.</doc>
<status status="PASS" start="2024-10-11T06:00:34.375256" elapsed="0.011394"/>
</kw>
<status status="PASS" start="2024-10-11T06:00:34.375256" elapsed="0.011394"/>
</kw>
<kw name="Verify Product price with">
<kw name="Verify Product page">
<kw name="Wait Until Element Is Visible" owner="SeleniumLibrary">
<arg>//*[@class="inventory_details"]</arg>
<arg>timeout=5s</arg>
<doc>Waits until the element ``locator`` is visible.</doc>
<status status="PASS" start="2024-10-11T06:00:34.387647" elapsed="0.015098"/>
</kw>
<status status="PASS" start="2024-10-11T06:00:34.387647" elapsed="0.015098"/>
</kw>
<kw name="Get Text" owner="SeleniumLibrary">
<msg time="2024-10-11T06:00:34.413788" level="INFO">${displayPrice} = $15.99</msg>
<var>${displayPrice}</var>
<arg>//div[@class="inventory_details_price"]</arg>
<doc>Returns the text value of the element identified by ``locator``.</doc>
<status status="PASS" start="2024-10-11T06:00:34.402745" elapsed="0.011043"/>
</kw>
<kw name="Run Keyword If" owner="BuiltIn">
<arg>'${displayPrice}' != '$${price}'</arg>
<arg>Fail</arg>
<arg>"Test Failed: Invalid price."</arg>
<doc>Runs the given keyword with the given arguments, if ``condition`` is true.</doc>
<status status="PASS" start="2024-10-11T06:00:34.413788" elapsed="0.000997"/>
</kw>
<arg>${product.price}</arg>
<status status="PASS" start="2024-10-11T06:00:34.386650" elapsed="0.028135"/>
</kw>
<kw name="Click Button" owner="SeleniumLibrary">
<msg time="2024-10-11T06:00:34.414785" level="INFO">Clicking button '//*[@class="btn_primary btn_inventory"]'.</msg>
<arg>//*[@class="btn_primary btn_inventory"]</arg>
<doc>Clicks the button identified by ``locator``.</doc>
<status status="PASS" start="2024-10-11T06:00:34.414785" elapsed="0.033821"/>
</kw>
<kw name="Click Button" owner="SeleniumLibrary">
<msg time="2024-10-11T06:00:34.448606" level="INFO">Clicking button '//*[@class="inventory_details_back_button"]'.</msg>
<arg>//*[@class="inventory_details_back_button"]</arg>
<doc>Clicks the button identified by ``locator``.</doc>
<status status="PASS" start="2024-10-11T06:00:34.448606" elapsed="0.044929"/>
</kw>
<arg>${product.p3}</arg>
<status status="PASS" start="2024-10-11T06:00:34.261186" elapsed="0.232349"/>
</kw>
<kw name="Add to cart">
<kw name="Click Element" owner="SeleniumLibrary">
<msg time="2024-10-11T06:00:34.494586" level="INFO">Clicking element '//div[contains(text(),"Test.allTheThings() T-Shirt (Red)")]'.</msg>
<arg>//div[contains(text(),"${product.name}")]</arg>
<doc>Click the element identified by ``locator``.</doc>
<status status="PASS" start="2024-10-11T06:00:34.493535" elapsed="0.113290"/>
</kw>
<kw name="Verify Product page">
<kw name="Wait Until Element Is Visible" owner="SeleniumLibrary">
<arg>//*[@class="inventory_details"]</arg>
<arg>timeout=5s</arg>
<doc>Waits until the element ``locator`` is visible.</doc>
<status status="PASS" start="2024-10-11T06:00:34.608225" elapsed="0.011017"/>
</kw>
<status status="PASS" start="2024-10-11T06:00:34.606825" elapsed="0.012417"/>
</kw>
<kw name="Verify Product price with">
<kw name="Verify Product page">
<kw name="Wait Until Element Is Visible" owner="SeleniumLibrary">
<arg>//*[@class="inventory_details"]</arg>
<arg>timeout=5s</arg>
<doc>Waits until the element ``locator`` is visible.</doc>
<status status="PASS" start="2024-10-11T06:00:34.620237" elapsed="0.011001"/>
</kw>
<status status="PASS" start="2024-10-11T06:00:34.620237" elapsed="0.011001"/>
</kw>
<kw name="Get Text" owner="SeleniumLibrary">
<msg time="2024-10-11T06:00:34.641397" level="INFO">${displayPrice} = $15.99</msg>
<var>${displayPrice}</var>
<arg>//div[@class="inventory_details_price"]</arg>
<doc>Returns the text value of the element identified by ``locator``.</doc>
<status status="PASS" start="2024-10-11T06:00:34.631238" elapsed="0.010159"/>
</kw>
<kw name="Run Keyword If" owner="BuiltIn">
<arg>'${displayPrice}' != '$${price}'</arg>
<arg>Fail</arg>
<arg>"Test Failed: Invalid price."</arg>
<doc>Runs the given keyword with the given arguments, if ``condition`` is true.</doc>
<status status="PASS" start="2024-10-11T06:00:34.641397" elapsed="0.000000"/>
</kw>
<arg>${product.price}</arg>
<status status="PASS" start="2024-10-11T06:00:34.619242" elapsed="0.022155"/>
</kw>
<kw name="Click Button" owner="SeleniumLibrary">
<msg time="2024-10-11T06:00:34.641397" level="INFO">Clicking button '//*[@class="btn_primary btn_inventory"]'.</msg>
<arg>//*[@class="btn_primary btn_inventory"]</arg>
<doc>Clicks the button identified by ``locator``.</doc>
<status status="PASS" start="2024-10-11T06:00:34.641397" elapsed="0.038644"/>
</kw>
<kw name="Click Button" owner="SeleniumLibrary">
<msg time="2024-10-11T06:00:34.680041" level="INFO">Clicking button '//*[@class="inventory_details_back_button"]'.</msg>
<arg>//*[@class="inventory_details_back_button"]</arg>
<doc>Clicks the button identified by ``locator``.</doc>
<status status="PASS" start="2024-10-11T06:00:34.680041" elapsed="0.045721"/>
</kw>
<arg>${product.p6}</arg>
<status status="PASS" start="2024-10-11T06:00:34.493535" elapsed="0.232227"/>
</kw>
<kw name="Click Element" owner="SeleniumLibrary">
<msg time="2024-10-11T06:00:34.725762" level="INFO">Clicking element '//a[@class="shopping_cart_link fa-layers fa-fw"]'.</msg>
<arg>//a[@class="shopping_cart_link fa-layers fa-fw"]</arg>
<doc>Click the element identified by ``locator``.</doc>
<status status="PASS" start="2024-10-11T06:00:34.725762" elapsed="0.407164"/>
</kw>
<kw name="Verify Cart page">
<kw name="Wait Until Element Is Visible" owner="SeleniumLibrary">
<arg>//div[contains(text(),"Your Cart")]</arg>
<arg>timeout=5s</arg>
<doc>Waits until the element ``locator`` is visible.</doc>
<status status="PASS" start="2024-10-11T06:00:35.132926" elapsed="0.021514"/>
</kw>
<status status="PASS" start="2024-10-11T06:00:35.132926" elapsed="0.021514"/>
</kw>
<kw name="Click Element" owner="SeleniumLibrary">
<msg time="2024-10-11T06:00:35.154440" level="INFO">Clicking element '//a[contains(text(),"CHECKOUT")]'.</msg>
<arg>//a[contains(text(),"CHECKOUT")]</arg>
<doc>Click the element identified by ``locator``.</doc>
<status status="PASS" start="2024-10-11T06:00:35.154440" elapsed="0.362236"/>
</kw>
<kw name="Verify Checkout page">
<kw name="Wait Until Element Is Visible" owner="SeleniumLibrary">
<arg>//div[contains(text(),"Checkout: Your Information")]</arg>
<arg>timeout=5s</arg>
<doc>Waits until the element ``locator`` is visible.</doc>
<status status="PASS" start="2024-10-11T06:00:35.516676" elapsed="0.022022"/>
</kw>
<status status="PASS" start="2024-10-11T06:00:35.516676" elapsed="0.022022"/>
</kw>
<kw name="Input Text" owner="SeleniumLibrary">
<msg time="2024-10-11T06:00:35.540132" level="INFO">Typing text 'standard' into text field '//*[@id="first-name"]'.</msg>
<arg>//*[@id="first-name"]</arg>
<arg>${user}[fname]</arg>
<doc>Types the given ``text`` into the text field identified by ``locator``.</doc>
<status status="PASS" start="2024-10-11T06:00:35.538698" elapsed="0.102792"/>
</kw>
<kw name="Input Text" owner="SeleniumLibrary">
<msg time="2024-10-11T06:00:35.641490" level="INFO">Typing text 'user' into text field '//*[@id="last-name"]'.</msg>
<arg>//*[@id="last-name"]</arg>
<arg>${user}[lname]</arg>
<doc>Types the given ``text`` into the text field identified by ``locator``.</doc>
<status status="PASS" start="2024-10-11T06:00:35.641490" elapsed="0.067764"/>
</kw>
<kw name="Input Text" owner="SeleniumLibrary">
<msg time="2024-10-11T06:00:35.709254" level="INFO">Typing text '00001' into text field '//*[@id="postal-code"]'.</msg>
<arg>//*[@id="postal-code"]</arg>
<arg>00001</arg>
<doc>Types the given ``text`` into the text field identified by ``locator``.</doc>
<status status="PASS" start="2024-10-11T06:00:35.709254" elapsed="0.073018"/>
</kw>
<kw name="Click Element" owner="SeleniumLibrary">
<msg time="2024-10-11T06:00:35.782272" level="INFO">Clicking element '//input[@value="CONTINUE"]'.</msg>
<arg>//input[@value="CONTINUE"]</arg>
<doc>Click the element identified by ``locator``.</doc>
<status status="PASS" start="2024-10-11T06:00:35.782272" elapsed="0.375613"/>
</kw>
<kw name="Verify Preview page">
<kw name="Wait Until Element Is Visible" owner="SeleniumLibrary">
<arg>//div[contains(text(),"Checkout: Overview")]</arg>
<arg>timeout=5s</arg>
<doc>Waits until the element ``locator`` is visible.</doc>
<status status="PASS" start="2024-10-11T06:00:36.158885" elapsed="0.028268"/>
</kw>
<status status="PASS" start="2024-10-11T06:00:36.157885" elapsed="0.029268"/>
</kw>
<kw name="Click Element" owner="SeleniumLibrary">
<msg time="2024-10-11T06:00:36.187153" level="INFO">Clicking element '//a[contains(text(),"FINISH")]'.</msg>
<arg>//a[contains(text(),"FINISH")]</arg>
<doc>Click the element identified by ``locator``.</doc>
<status status="PASS" start="2024-10-11T06:00:36.187153" elapsed="0.649496"/>
</kw>
<kw name="Verify Finish page">
<kw name="Wait Until Element Is Visible" owner="SeleniumLibrary">
<arg>//div[contains(text(),"Finish")]</arg>
<arg>timeout=5s</arg>
<doc>Waits until the element ``locator`` is visible.</doc>
<status status="PASS" start="2024-10-11T06:00:36.837991" elapsed="0.012784"/>
</kw>
<status status="PASS" start="2024-10-11T06:00:36.837991" elapsed="0.012784"/>
</kw>
<kw name="Wait Until Element Is Visible" owner="SeleniumLibrary">
<arg>//h2[contains(text(),"THANK YOU FOR YOUR ORDER")]</arg>
<arg>timeout=5s</arg>
<doc>Waits until the element ``locator`` is visible.</doc>
<status status="PASS" start="2024-10-11T06:00:36.850775" elapsed="0.014903"/>
</kw>
<arg>/DII/1-67/tester/CAMTxKrungsriNimble//homework01/userData.CSV</arg>
<status status="PASS" start="2024-10-11T06:00:29.035796" elapsed="7.829882"/>
</kw>
<status status="PASS" start="2024-10-11T06:00:29.034751" elapsed="7.830927"/>
</test>
<status status="PASS" start="2024-10-11T06:00:28.789785" elapsed="8.076891"/>
</suite>
<statistics>
<total>
<stat pass="1" fail="0" skip="0">All Tests</stat>
</total>
<tag>
</tag>
<suite>
<stat pass="1" fail="0" skip="0" id="s1" name="Homework1">Homework1</stat>
</suite>
</statistics>
<errors>
</errors>
</robot>
