<?xml version="1.0" encoding="UTF-8"?>
<robot generator="Robot 7.1 (Python 3.12.4 on win32)" generated="2024-10-12T09:45:56.779600" rpa="false" schemaversion="5">
<suite id="s1" name="Homework1" source="C:\DII\1-67\tester\CAMTxKrungsriNimble\homework01\homework1.robot">
<test id="s1-t1" name="Test" line="9">
<kw name="Test case">
<kw name="Set Variable" owner="BuiltIn">
<msg time="2024-10-12T09:45:57.035173" level="INFO">${USER_CSV_FILE} = /DII/1-67/tester/CAMTxKrungsriNimble//homework01/userData.CSV</msg>
<var>${USER_CSV_FILE}</var>
<arg>${userCSV}</arg>
<doc>Returns the given values which can then be assigned to a variables.</doc>
<status status="PASS" start="2024-10-12T09:45:57.035173" elapsed="0.000000"/>
</kw>
<kw name="Read Csv File To Associative" owner="CSVLibrary">
<msg time="2024-10-12T09:45:57.036180" level="INFO">${USER_DATA_CSV} = [{'username': 'standard_user', 'password': 'secret_sauce', 'fname': 'standard', 'lname': 'user', 'sex': 'm'}, {'username': 'problem_user', 'password': 'secret_sauce', 'fname': 'problem', 'lname': 'use...</msg>
<var>${USER_DATA_CSV}</var>
<arg>${USER_CSV_FILE}</arg>
<doc>Read CSV file and return its content as a Python list of dictionaries.</doc>
<status status="PASS" start="2024-10-12T09:45:57.035173" elapsed="0.001007"/>
</kw>
<kw name="Set Variable" owner="BuiltIn">
<msg time="2024-10-12T09:45:57.036180" level="INFO">${user} = {'username': 'standard_user', 'password': 'secret_sauce', 'fname': 'standard', 'lname': 'user', 'sex': 'm'}</msg>
<var>${user}</var>
<arg>${USER_DATA_CSV}[0]</arg>
<doc>Returns the given values which can then be assigned to a variables.</doc>
<status status="PASS" start="2024-10-12T09:45:57.036180" elapsed="0.000000"/>
</kw>
<kw name="Open Browser" owner="SeleniumLibrary">
<msg time="2024-10-12T09:45:57.036180" level="INFO">Opening browser 'chrome' to base url 'https://www.saucedemo.com/v1/index.html'.</msg>
<arg>${url}</arg>
<arg>${browser}</arg>
<doc>Opens a new browser instance to the optional ``url``.</doc>
<status status="PASS" start="2024-10-12T09:45:57.036180" elapsed="2.951678"/>
</kw>
<kw name="Verify Login page">
<kw name="Wait Until Element Is Visible" owner="SeleniumLibrary">
<arg>//*[@id="login_credentials"]</arg>
<arg>timeout=5s</arg>
<doc>Waits until the element ``locator`` is visible.</doc>
<status status="PASS" start="2024-10-12T09:45:59.989069" elapsed="0.019343"/>
</kw>
<status status="PASS" start="2024-10-12T09:45:59.989069" elapsed="0.019343"/>
</kw>
<kw name="Input Text" owner="SeleniumLibrary">
<msg time="2024-10-12T09:46:00.009412" level="INFO">Typing text 'standard_user' into text field '//*[@id="user-name"]'.</msg>
<arg>//*[@id="user-name"]</arg>
<arg>${user}[username]</arg>
<doc>Types the given ``text`` into the text field identified by ``locator``.</doc>
<status status="PASS" start="2024-10-12T09:46:00.009412" elapsed="0.104122"/>
</kw>
<kw name="Input Text" owner="SeleniumLibrary">
<msg time="2024-10-12T09:46:00.114539" level="INFO">Typing text 'secret_sauce' into text field '//*[@id="password"]'.</msg>
<arg>//*[@id="password"]</arg>
<arg>${user}[password]</arg>
<doc>Types the given ``text`` into the text field identified by ``locator``.</doc>
<status status="PASS" start="2024-10-12T09:46:00.113534" elapsed="0.081141"/>
</kw>
<kw name="Click Button" owner="SeleniumLibrary">
<msg time="2024-10-12T09:46:00.194675" level="INFO">Clicking button '//*[@id="login-button"]'.</msg>
<arg>//*[@id="login-button"]</arg>
<doc>Clicks the button identified by ``locator``.</doc>
<status status="PASS" start="2024-10-12T09:46:00.194675" elapsed="0.888388"/>
</kw>
<kw name="Verify Shopping Page">
<kw name="Wait Until Element Is Visible" owner="SeleniumLibrary">
<arg>//div[contains(text(),"Products")]</arg>
<arg>timeout=5s</arg>
<doc>Waits until the element ``locator`` is visible.</doc>
<status status="PASS" start="2024-10-12T09:46:01.084061" elapsed="0.014363"/>
</kw>
<status status="PASS" start="2024-10-12T09:46:01.083063" elapsed="0.015361"/>
</kw>
<kw name="Add to cart">
<kw name="Click Element" owner="SeleniumLibrary">
<msg time="2024-10-12T09:46:01.099593" level="INFO">Clicking element '//div[contains(text(),"Sauce Labs Backpack")]'.</msg>
<arg>//div[contains(text(),"${product.name}")]</arg>
<doc>Click the element identified by ``locator``.</doc>
<status status="PASS" start="2024-10-12T09:46:01.099593" elapsed="0.426868"/>
</kw>
<kw name="Verify Product page">
<kw name="Wait Until Element Is Visible" owner="SeleniumLibrary">
<arg>//*[@class="inventory_details"]</arg>
<arg>timeout=5s</arg>
<doc>Waits until the element ``locator`` is visible.</doc>
<status status="PASS" start="2024-10-12T09:46:01.526461" elapsed="0.013000"/>
</kw>
<status status="PASS" start="2024-10-12T09:46:01.526461" elapsed="0.014000"/>
</kw>
<kw name="Verify Product price with">
<kw name="Verify Product page">
<kw name="Wait Until Element Is Visible" owner="SeleniumLibrary">
<arg>//*[@class="inventory_details"]</arg>
<arg>timeout=5s</arg>
<doc>Waits until the element ``locator`` is visible.</doc>
<status status="PASS" start="2024-10-12T09:46:01.540461" elapsed="0.014911"/>
</kw>
<status status="PASS" start="2024-10-12T09:46:01.540461" elapsed="0.014911"/>
</kw>
<kw name="Get Text" owner="SeleniumLibrary">
<msg time="2024-10-12T09:46:01.570885" level="INFO">${displayPrice} = $29.99</msg>
<var>${displayPrice}</var>
<arg>//div[@class="inventory_details_price"]</arg>
<doc>Returns the text value of the element identified by ``locator``.</doc>
<status status="PASS" start="2024-10-12T09:46:01.555372" elapsed="0.015513"/>
</kw>
<kw name="Run Keyword If" owner="BuiltIn">
<arg>'${displayPrice}' != '$${price}'</arg>
<arg>Fail</arg>
<arg>"Test Failed: Invalid price."</arg>
<doc>Runs the given keyword with the given arguments, if ``condition`` is true.</doc>
<status status="PASS" start="2024-10-12T09:46:01.570885" elapsed="0.001001"/>
</kw>
<arg>${product.price}</arg>
<status status="PASS" start="2024-10-12T09:46:01.540461" elapsed="0.031425"/>
</kw>
<kw name="Click Button" owner="SeleniumLibrary">
<msg time="2024-10-12T09:46:01.571886" level="INFO">Clicking button '//*[@class="btn_primary btn_inventory"]'.</msg>
<arg>//*[@class="btn_primary btn_inventory"]</arg>
<doc>Clicks the button identified by ``locator``.</doc>
<status status="PASS" start="2024-10-12T09:46:01.571886" elapsed="0.038442"/>
</kw>
<kw name="Click Button" owner="SeleniumLibrary">
<msg time="2024-10-12T09:46:01.611328" level="INFO">Clicking button '//*[@class="inventory_details_back_button"]'.</msg>
<arg>//*[@class="inventory_details_back_button"]</arg>
<doc>Clicks the button identified by ``locator``.</doc>
<status status="PASS" start="2024-10-12T09:46:01.610328" elapsed="0.052207"/>
</kw>
<arg>${product.p1}</arg>
<status status="PASS" start="2024-10-12T09:46:01.098424" elapsed="0.564111"/>
</kw>
<kw name="Add to cart">
<kw name="Click Element" owner="SeleniumLibrary">
<msg time="2024-10-12T09:46:01.663535" level="INFO">Clicking element '//div[contains(text(),"Sauce Labs Bolt T-Shirt")]'.</msg>
<arg>//div[contains(text(),"${product.name}")]</arg>
<doc>Click the element identified by ``locator``.</doc>
<status status="PASS" start="2024-10-12T09:46:01.663535" elapsed="0.139130"/>
</kw>
<kw name="Verify Product page">
<kw name="Wait Until Element Is Visible" owner="SeleniumLibrary">
<arg>//*[@class="inventory_details"]</arg>
<arg>timeout=5s</arg>
<doc>Waits until the element ``locator`` is visible.</doc>
<status status="PASS" start="2024-10-12T09:46:01.802665" elapsed="0.011757"/>
</kw>
<status status="PASS" start="2024-10-12T09:46:01.802665" elapsed="0.011757"/>
</kw>
<kw name="Verify Product price with">
<kw name="Verify Product page">
<kw name="Wait Until Element Is Visible" owner="SeleniumLibrary">
<arg>//*[@class="inventory_details"]</arg>
<arg>timeout=5s</arg>
<doc>Waits until the element ``locator`` is visible.</doc>
<status status="PASS" start="2024-10-12T09:46:01.815418" elapsed="0.013283"/>
</kw>
<status status="PASS" start="2024-10-12T09:46:01.814422" elapsed="0.014279"/>
</kw>
<kw name="Get Text" owner="SeleniumLibrary">
<msg time="2024-10-12T09:46:01.841444" level="INFO">${displayPrice} = $15.99</msg>
<var>${displayPrice}</var>
<arg>//div[@class="inventory_details_price"]</arg>
<doc>Returns the text value of the element identified by ``locator``.</doc>
<status status="PASS" start="2024-10-12T09:46:01.829698" elapsed="0.011746"/>
</kw>
<kw name="Run Keyword If" owner="BuiltIn">
<arg>'${displayPrice}' != '$${price}'</arg>
<arg>Fail</arg>
<arg>"Test Failed: Invalid price."</arg>
<doc>Runs the given keyword with the given arguments, if ``condition`` is true.</doc>
<status status="PASS" start="2024-10-12T09:46:01.841444" elapsed="0.000000"/>
</kw>
<arg>${product.price}</arg>
<status status="PASS" start="2024-10-12T09:46:01.814422" elapsed="0.027022"/>
</kw>
<kw name="Click Button" owner="SeleniumLibrary">
<msg time="2024-10-12T09:46:01.841444" level="INFO">Clicking button '//*[@class="btn_primary btn_inventory"]'.</msg>
<arg>//*[@class="btn_primary btn_inventory"]</arg>
<doc>Clicks the button identified by ``locator``.</doc>
<status status="PASS" start="2024-10-12T09:46:01.841444" elapsed="0.035993"/>
</kw>
<kw name="Click Button" owner="SeleniumLibrary">
<msg time="2024-10-12T09:46:01.877437" level="INFO">Clicking button '//*[@class="inventory_details_back_button"]'.</msg>
<arg>//*[@class="inventory_details_back_button"]</arg>
<doc>Clicks the button identified by ``locator``.</doc>
<status status="PASS" start="2024-10-12T09:46:01.877437" elapsed="0.040926"/>
</kw>
<arg>${product.p3}</arg>
<status status="PASS" start="2024-10-12T09:46:01.662535" elapsed="0.255828"/>
</kw>
<kw name="Add to cart">
<kw name="Click Element" owner="SeleniumLibrary">
<msg time="2024-10-12T09:46:01.919362" level="INFO">Clicking element '//div[contains(text(),"Test.allTheThings() T-Shirt (Red)")]'.</msg>
<arg>//div[contains(text(),"${product.name}")]</arg>
<doc>Click the element identified by ``locator``.</doc>
<status status="PASS" start="2024-10-12T09:46:01.919362" elapsed="0.133391"/>
</kw>
<kw name="Verify Product page">
<kw name="Wait Until Element Is Visible" owner="SeleniumLibrary">
<arg>//*[@class="inventory_details"]</arg>
<arg>timeout=5s</arg>
<doc>Waits until the element ``locator`` is visible.</doc>
<status status="PASS" start="2024-10-12T09:46:02.053748" elapsed="0.011000"/>
</kw>
<status status="PASS" start="2024-10-12T09:46:02.052753" elapsed="0.011995"/>
</kw>
<kw name="Verify Product price with">
<kw name="Verify Product page">
<kw name="Wait Until Element Is Visible" owner="SeleniumLibrary">
<arg>//*[@class="inventory_details"]</arg>
<arg>timeout=5s</arg>
<doc>Waits until the element ``locator`` is visible.</doc>
<status status="PASS" start="2024-10-12T09:46:02.065745" elapsed="0.014726"/>
</kw>
<status status="PASS" start="2024-10-12T09:46:02.065745" elapsed="0.014726"/>
</kw>
<kw name="Get Text" owner="SeleniumLibrary">
<msg time="2024-10-12T09:46:02.090668" level="INFO">${displayPrice} = $15.99</msg>
<var>${displayPrice}</var>
<arg>//div[@class="inventory_details_price"]</arg>
<doc>Returns the text value of the element identified by ``locator``.</doc>
<status status="PASS" start="2024-10-12T09:46:02.080471" elapsed="0.010197"/>
</kw>
<kw name="Run Keyword If" owner="BuiltIn">
<arg>'${displayPrice}' != '$${price}'</arg>
<arg>Fail</arg>
<arg>"Test Failed: Invalid price."</arg>
<doc>Runs the given keyword with the given arguments, if ``condition`` is true.</doc>
<status status="PASS" start="2024-10-12T09:46:02.090668" elapsed="0.000000"/>
</kw>
<arg>${product.price}</arg>
<status status="PASS" start="2024-10-12T09:46:02.064748" elapsed="0.026920"/>
</kw>
<kw name="Click Button" owner="SeleniumLibrary">
<msg time="2024-10-12T09:46:02.091668" level="INFO">Clicking button '//*[@class="btn_primary btn_inventory"]'.</msg>
<arg>//*[@class="btn_primary btn_inventory"]</arg>
<doc>Clicks the button identified by ``locator``.</doc>
<status status="PASS" start="2024-10-12T09:46:02.091668" elapsed="0.032293"/>
</kw>
<kw name="Click Button" owner="SeleniumLibrary">
<msg time="2024-10-12T09:46:02.123961" level="INFO">Clicking button '//*[@class="inventory_details_back_button"]'.</msg>
<arg>//*[@class="inventory_details_back_button"]</arg>
<doc>Clicks the button identified by ``locator``.</doc>
<status status="PASS" start="2024-10-12T09:46:02.123961" elapsed="0.041935"/>
</kw>
<arg>${product.p6}</arg>
<status status="PASS" start="2024-10-12T09:46:01.918363" elapsed="0.247533"/>
</kw>
<kw name="Click Element" owner="SeleniumLibrary">
<msg time="2024-10-12T09:46:02.166897" level="INFO">Clicking element '//a[@class="shopping_cart_link fa-layers fa-fw"]'.</msg>
<arg>//a[@class="shopping_cart_link fa-layers fa-fw"]</arg>
<doc>Click the element identified by ``locator``.</doc>
<status status="PASS" start="2024-10-12T09:46:02.165896" elapsed="0.408806"/>
</kw>
<kw name="Verify Cart page">
<kw name="Wait Until Element Is Visible" owner="SeleniumLibrary">
<arg>//div[contains(text(),"Your Cart")]</arg>
<arg>timeout=5s</arg>
<doc>Waits until the element ``locator`` is visible.</doc>
<status status="PASS" start="2024-10-12T09:46:02.574702" elapsed="0.019524"/>
</kw>
<status status="PASS" start="2024-10-12T09:46:02.574702" elapsed="0.019524"/>
</kw>
<kw name="Click Element" owner="SeleniumLibrary">
<msg time="2024-10-12T09:46:02.594226" level="INFO">Clicking element '//a[contains(text(),"CHECKOUT")]'.</msg>
<arg>//a[contains(text(),"CHECKOUT")]</arg>
<doc>Click the element identified by ``locator``.</doc>
<status status="PASS" start="2024-10-12T09:46:02.594226" elapsed="0.370394"/>
</kw>
<kw name="Verify Checkout page">
<kw name="Wait Until Element Is Visible" owner="SeleniumLibrary">
<arg>//div[contains(text(),"Checkout: Your Information")]</arg>
<arg>timeout=5s</arg>
<doc>Waits until the element ``locator`` is visible.</doc>
<status status="PASS" start="2024-10-12T09:46:02.965661" elapsed="0.018589"/>
</kw>
<status status="PASS" start="2024-10-12T09:46:02.964620" elapsed="0.019630"/>
</kw>
<kw name="Input Text" owner="SeleniumLibrary">
<msg time="2024-10-12T09:46:02.985255" level="INFO">Typing text 'standard' into text field '//*[@id="first-name"]'.</msg>
<arg>//*[@id="first-name"]</arg>
<arg>${user}[fname]</arg>
<doc>Types the given ``text`` into the text field identified by ``locator``.</doc>
<status status="PASS" start="2024-10-12T09:46:02.984250" elapsed="0.073180"/>
</kw>
<kw name="Input Text" owner="SeleniumLibrary">
<msg time="2024-10-12T09:46:03.057430" level="INFO">Typing text 'user' into text field '//*[@id="last-name"]'.</msg>
<arg>//*[@id="last-name"]</arg>
<arg>${user}[lname]</arg>
<doc>Types the given ``text`` into the text field identified by ``locator``.</doc>
<status status="PASS" start="2024-10-12T09:46:03.057430" elapsed="0.060381"/>
</kw>
<kw name="Input Text" owner="SeleniumLibrary">
<msg time="2024-10-12T09:46:03.117811" level="INFO">Typing text '00001' into text field '//*[@id="postal-code"]'.</msg>
<arg>//*[@id="postal-code"]</arg>
<arg>00001</arg>
<doc>Types the given ``text`` into the text field identified by ``locator``.</doc>
<status status="PASS" start="2024-10-12T09:46:03.117811" elapsed="0.063777"/>
</kw>
<kw name="Click Element" owner="SeleniumLibrary">
<msg time="2024-10-12T09:46:03.181588" level="INFO">Clicking element '//input[@value="CONTINUE"]'.</msg>
<arg>//input[@value="CONTINUE"]</arg>
<doc>Click the element identified by ``locator``.</doc>
<status status="PASS" start="2024-10-12T09:46:03.181588" elapsed="0.357663"/>
</kw>
<kw name="Verify Preview page">
<kw name="Wait Until Element Is Visible" owner="SeleniumLibrary">
<arg>//div[contains(text(),"Checkout: Overview")]</arg>
<arg>timeout=5s</arg>
<doc>Waits until the element ``locator`` is visible.</doc>
<status status="PASS" start="2024-10-12T09:46:03.539251" elapsed="0.019224"/>
</kw>
<status status="PASS" start="2024-10-12T09:46:03.539251" elapsed="0.019224"/>
</kw>
<kw name="Click Element" owner="SeleniumLibrary">
<msg time="2024-10-12T09:46:03.558475" level="INFO">Clicking element '//a[contains(text(),"FINISH")]'.</msg>
<arg>//a[contains(text(),"FINISH")]</arg>
<doc>Click the element identified by ``locator``.</doc>
<status status="PASS" start="2024-10-12T09:46:03.558475" elapsed="0.647449"/>
</kw>
<kw name="Verify Finish page">
<kw name="Wait Until Element Is Visible" owner="SeleniumLibrary">
<arg>//div[contains(text(),"Finish")]</arg>
<arg>timeout=5s</arg>
<doc>Waits until the element ``locator`` is visible.</doc>
<status status="PASS" start="2024-10-12T09:46:04.205924" elapsed="0.011769"/>
</kw>
<status status="PASS" start="2024-10-12T09:46:04.205924" elapsed="0.011769"/>
</kw>
<kw name="Wait Until Element Is Visible" owner="SeleniumLibrary">
<arg>//h2[contains(text(),"THANK YOU FOR YOUR ORDER")]</arg>
<arg>timeout=5s</arg>
<doc>Waits until the element ``locator`` is visible.</doc>
<status status="PASS" start="2024-10-12T09:46:04.217693" elapsed="0.010937"/>
</kw>
<arg>/DII/1-67/tester/CAMTxKrungsriNimble//homework01/userData.CSV</arg>
<status status="PASS" start="2024-10-12T09:45:57.033950" elapsed="7.194680"/>
</kw>
<status status="PASS" start="2024-10-12T09:45:57.033950" elapsed="7.196113"/>
</test>
<status status="PASS" start="2024-10-12T09:45:56.780629" elapsed="7.450453"/>
</suite>
<statistics>
<total>
<stat pass="1" fail="0" skip="0">All Tests</stat>
</total>
<tag>
</tag>
<suite>
<stat pass="1" fail="0" skip="0" id="s1" name="Homework1">Homework1</stat>
</suite>
</statistics>
<errors>
</errors>
</robot>
